<?xml version="1.0" encoding="UTF-8"?>
<!-- Generated by org.testng.reporters.JUnitReportReporter -->
<testsuite skipped="0" hostname="DESKTOP-DG0T5O6" name="REST_API.AUTO1.Trail_GET" tests="1" failures="0" timestamp="30 Mar 2019 19:10:40 GMT" time="8.249" errors="0">
  <testcase name="num" time="8.249" classname="REST_API.AUTO1.Trail_GET"/>
</testsuite> <!-- REST_API.AUTO1.Trail_GET -->
