<?xml version="1.0" encoding="UTF-8"?>
<!-- Generated by org.testng.reporters.JUnitReportReporter -->
<testsuite skipped="0" hostname="LAPTOP-MPMFCTP4" name="main.CucumberRunner" tests="1" failures="0" timestamp="08 Apr 2020 14:05:38 GMT" time="0.593" errors="0">
  <testcase name="feature" time="0.593" classname="main.CucumberRunner"/>
</testsuite> <!-- main.CucumberRunner -->
