<?xml version="1.0" encoding="UTF-8"?>
<!-- Generated by org.testng.reporters.JUnitReportReporter -->
<testsuite skipped="0" hostname="DESKTOP-DG0T5O6" name="testCases.TestModel" tests="2" failures="0" timestamp="31 Mar 2019 07:15:24 GMT" time="9.570" errors="0">
  <testcase name="testResponseCode" time="0.945" classname="testCases.TestModel"/>
  <testcase name="testBody" time="8.625" classname="testCases.TestModel"/>
</testsuite> <!-- testCases.TestModel -->
